TN:
SF:src\test\registroProducto.js
FN:1,registroProducto
FNF:1
FNH:1
FNDA:5,registroProducto
DA:2,5
DA:5,5
DA:6,1
DA:10,4
DA:11,4
DA:12,0
DA:16,4
DA:17,1
DA:21,3
DA:22,1
DA:26,2
DA:27,1
DA:30,1
DA:33,1
LF:14
LH:13
BRDA:5,0,0,1
BRDA:5,0,1,4
BRDA:5,1,0,5
BRDA:5,1,1,4
BRDA:5,1,2,4
BRDA:5,1,3,4
BRDA:5,1,4,4
BRDA:11,2,0,0
BRDA:11,2,1,4
BRDA:16,3,0,1
BRDA:16,3,1,3
BRDA:16,4,0,4
BRDA:16,4,1,4
BRDA:21,5,0,1
BRDA:21,5,1,2
BRDA:21,6,0,3
BRDA:21,6,1,3
BRDA:26,7,0,1
BRDA:26,7,1,1
BRDA:26,8,0,2
BRDA:26,8,1,2
BRF:21
BRH:20
end_of_record
TN:
SF:src\test\suma.js
FN:3,sum
FNF:1
FNH:1
FNDA:1,sum
DA:4,1
DA:6,1
LF:2
LH:2
BRF:0
BRH:0
end_of_record
